<?xml version="1.0" encoding="UTF-8"?>
<!-- Generated by org.testng.reporters.JUnitReportReporter -->
<testsuite hostname="Manoj" failures="0" tests="1" name="com.mystore.testcases.LoginPageTest" time="31.731" errors="0" timestamp="2023-11-03T11:30:54 IST" skipped="0">
  <testcase classname="com.mystore.testcases.LoginPageTest" name="LoginTest" time="31.731"/>
  <system-out/>
</testsuite> <!-- com.mystore.testcases.LoginPageTest -->
