<?xml version="1.0" encoding="UTF-8"?>
<!-- Generated by org.testng.reporters.JUnitReportReporter -->
<testsuite hostname="Manoj" failures="0" tests="2" name="com.mystore.testcases.IndexPageTest" time="17.751" errors="0" timestamp="2023-11-03T11:30:54 IST" skipped="0">
  <testcase classname="com.mystore.testcases.IndexPageTest" name="Verifytitle" time="9.292"/>
  <system-out/>
  <testcase classname="com.mystore.testcases.IndexPageTest" name="Verifylogo" time="8.459"/>
  <system-out/>
</testsuite> <!-- com.mystore.testcases.IndexPageTest -->
