<?xml version="1.0" encoding="UTF-8"?>
<!-- Generated by org.testng.reporters.JUnitReportReporter -->
<testsuite hostname="Manoj" failures="0" tests="2" name="com.mystore.testcases.IndexPageTest" time="28.789" errors="0" timestamp="2023-12-04T19:45:53 IST" skipped="0">
  <testcase classname="com.mystore.testcases.IndexPageTest" name="Verifylogo" time="14.324"/>
  <system-out/>
  <testcase classname="com.mystore.testcases.IndexPageTest" name="Verifytitle" time="14.465"/>
  <system-out/>
</testsuite> <!-- com.mystore.testcases.IndexPageTest -->
